<?xml version="1.0" encoding="UTF-8"?>
<!-- Generated by org.testng.reporters.JUnitReportReporter -->
<testsuite skipped="0" hostname="DESKTOP-B4RDB17" name="ui.Wikipedia3" tests="1" failures="0" timestamp="2022-09-01T13:54:43 EDT" time="12.595" errors="0">
  <testcase name="wiki_Link_Check" time="12.595" classname="ui.Wikipedia3"/>
  <system-out/>
</testsuite> <!-- ui.Wikipedia3 -->
