<?xml version="1.0" encoding="UTF-8"?>
<!-- Generated by org.testng.reporters.JUnitReportReporter -->
<testsuite skipped="0" hostname="DESKTOP-B4RDB17" name="ui.Wikipedia" tests="1" failures="0" timestamp="2022-09-02T11:30:43 EDT" time="39.482" errors="0">
  <testcase name="wiki_Link_Check" time="39.482" classname="ui.Wikipedia"/>
  <system-out/>
</testsuite> <!-- ui.Wikipedia -->
