<?xml version="1.0" encoding="UTF-8"?>
<!-- Generated by org.testng.reporters.JUnitReportReporter -->
<testsuite skipped="0" hostname="DESKTOP-B4RDB17" name="ui.Wikipedia2" tests="1" failures="0" timestamp="2022-09-01T16:06:07 EDT" time="45.344" errors="0">
  <testcase name="wiki_Link_Check" time="45.344" classname="ui.Wikipedia2"/>
  <system-out/>
</testsuite> <!-- ui.Wikipedia2 -->
